<?xml version="1.0" encoding="UTF-8"?>
<!-- Generated by org.testng.reporters.JUnitReportReporter -->
<testsuite hostname="DESKTOP-E0NKTVP" failures="0" tests="1" name="bookademo.BookRequest" time="10.758" errors="0" timestamp="2023-05-17T10:55:31 CEST" skipped="0">
  <testcase classname="bookademo.BookRequest" name="SubmitDemo" time="10.758"/>
  <system-out/>
</testsuite> <!-- bookademo.BookRequest -->
